Flow report for assignment2
Fri Oct 14 16:23:51 2022
Quartus Prime Version 18.1.0 Build 625 09/12/2018 SJ Standard Edition


---------------------
; Table of Contents ;
---------------------
  1. Legal Notice
  2. Flow Summary
  3. Flow Settings
  4. Flow Non-Default Global Settings
  5. Flow Elapsed Time
  6. Flow OS Summary
  7. Flow Log
  8. Flow Messages
  9. Flow Suppressed Messages



----------------
; Legal Notice ;
----------------
Copyright (C) 2018  Intel Corporation. All rights reserved.
Your use of Intel Corporation's design tools, logic functions 
and other software and tools, and its AMPP partner logic 
functions, and any output files from any of the foregoing 
(including device programming or simulation files), and any 
associated documentation or information are expressly subject 
to the terms and conditions of the Intel Program License 
Subscription Agreement, the Intel Quartus Prime License Agreement,
the Intel FPGA IP License Agreement, or other applicable license
agreement, including, without limitation, that your use is for
the sole purpose of programming logic devices manufactured by
Intel and sold by Intel or its authorized distributors.  Please
refer to the applicable agreement for further details.



+--------------------------------------------------------------------------------------+
; Flow Summary                                                                         ;
+------------------------------------+-------------------------------------------------+
; Flow Status                        ; Successful - Fri Oct 14 16:23:37 2022           ;
; Quartus Prime Version              ; 18.1.0 Build 625 09/12/2018 SJ Standard Edition ;
; Revision Name                      ; assignment2                                     ;
; Top-level Entity Name              ; assignment2                                     ;
; Family                             ; Cyclone IV E                                    ;
; Device                             ; EP4CE115F29C7                                   ;
; Timing Models                      ; Final                                           ;
; Total logic elements               ; 9,448 / 114,480 ( 8 % )                         ;
;     Total combinational functions  ; 8,085 / 114,480 ( 7 % )                         ;
;     Dedicated logic registers      ; 6,099 / 114,480 ( 5 % )                         ;
; Total registers                    ; 6167                                            ;
; Total pins                         ; 130 / 529 ( 25 % )                              ;
; Total virtual pins                 ; 0                                               ;
; Total memory bits                  ; 344,981 / 3,981,312 ( 9 % )                     ;
; Embedded Multiplier 9-bit elements ; 6 / 532 ( 1 % )                                 ;
; Total PLLs                         ; 2 / 4 ( 50 % )                                  ;
+------------------------------------+-------------------------------------------------+


+-----------------------------------------+
; Flow Settings                           ;
+-------------------+---------------------+
; Option            ; Setting             ;
+-------------------+---------------------+
; Start date & time ; 10/14/2022 16:19:24 ;
; Main task         ; Compilation         ;
; Revision Name     ; assignment2         ;
+-------------------+---------------------+


+-------------------------------------------------------------------------------------------------------------------------+
; Flow Non-Default Global Settings                                                                                        ;
+-------------------------------------+----------------------------------------+---------------+-------------+------------+
; Assignment Name                     ; Value                                  ; Default Value ; Entity Name ; Section Id ;
+-------------------------------------+----------------------------------------+---------------+-------------+------------+
; COMPILER_SIGNATURE_ID               ; 251053326841348.166571756402264        ; --            ; --          ; --         ;
; MAX_CORE_JUNCTION_TEMP              ; 85                                     ; --            ; --          ; --         ;
; MIN_CORE_JUNCTION_TEMP              ; 0                                      ; --            ; --          ; --         ;
; PARTITION_COLOR                     ; -- (Not supported for targeted family) ; --            ; --          ; Top        ;
; PARTITION_FITTER_PRESERVATION_LEVEL ; -- (Not supported for targeted family) ; --            ; --          ; Top        ;
; PARTITION_NETLIST_TYPE              ; -- (Not supported for targeted family) ; --            ; --          ; Top        ;
; PROJECT_OUTPUT_DIRECTORY            ; output_files                           ; --            ; --          ; --         ;
+-------------------------------------+----------------------------------------+---------------+-------------+------------+


+--------------------------------------------------------------------------------------------------------------------------+
; Flow Elapsed Time                                                                                                        ;
+----------------------+--------------+-------------------------+---------------------+------------------------------------+
; Module Name          ; Elapsed Time ; Average Processors Used ; Peak Virtual Memory ; Total CPU Time (on all processors) ;
+----------------------+--------------+-------------------------+---------------------+------------------------------------+
; Analysis & Synthesis ; 00:02:50     ; 1.0                     ; 5108 MB             ; 00:02:40                           ;
; Fitter               ; 00:00:38     ; 1.1                     ; 6172 MB             ; 00:00:46                           ;
; Assembler            ; 00:00:10     ; 1.0                     ; 4734 MB             ; 00:00:05                           ;
; Timing Analyzer      ; 00:00:13     ; 1.1                     ; 4980 MB             ; 00:00:06                           ;
; Total                ; 00:03:51     ; --                      ; --                  ; 00:03:37                           ;
+----------------------+--------------+-------------------------+---------------------+------------------------------------+


+------------------------------------------------------------------------------------+
; Flow OS Summary                                                                    ;
+----------------------+------------------+------------+------------+----------------+
; Module Name          ; Machine Hostname ; OS Name    ; OS Version ; Processor type ;
+----------------------+------------------+------------+------------+----------------+
; Analysis & Synthesis ; EN403924         ; Windows 10 ; 10.0       ; x86_64         ;
; Fitter               ; EN403924         ; Windows 10 ; 10.0       ; x86_64         ;
; Assembler            ; EN403924         ; Windows 10 ; 10.0       ; x86_64         ;
; Timing Analyzer      ; EN403924         ; Windows 10 ; 10.0       ; x86_64         ;
+----------------------+------------------+------------+------------+----------------+


------------
; Flow Log ;
------------
quartus_map --read_settings_files=on --write_settings_files=off assignment2 -c assignment2
quartus_fit --read_settings_files=off --write_settings_files=off assignment2 -c assignment2
quartus_asm --read_settings_files=off --write_settings_files=off assignment2 -c assignment2
quartus_sta assignment2 -c assignment2



