17:00:28 **** Incremental Build of configuration Nios II for project Task3finalfinal ****
make all 
Info: Building ../Task3finalfinal_bsp/
C:/intelFPGA/18.1/nios2eds/bin/gnu/H-x86_64-mingw32/bin/make --no-print-directory -C ../Task3finalfinal_bsp/
[BSP build complete]
Info: Compiling hello_world.c to obj/default/hello_world.o
nios2-elf-gcc -xc -MP -MMD -c -I../Task3finalfinal_bsp//drivers/vip/../../drivers/vip/inc -I../Task3finalfinal_bsp//drivers/vip/../../drivers/vip/src -I../Task3finalfinal_bsp//HAL/inc -I../Task3finalfinal_bsp/ -I../Task3finalfinal_bsp//drivers/inc  -pipe -D__hal__ -DALT_NO_INSTRUCTION_EMULATION -DALT_SINGLE_THREADED    -O0 -g -Wall   -mno-hw-div -mhw-mul -mno-hw-mulx -mgpopt=global  -o obj/default/hello_world.o hello_world.c
hello_world.c: In function 'main':
hello_world.c:41:30: warning: large integer implicitly truncated to unsigned type [-Woverflow]
   unsigned char sobelX[9] = {0xFFFF, 0x0,0x1,0xFFFE,0x0,0x2,0xFFFF,0x0,0x1};
                              ^
hello_world.c:41:46: warning: large integer implicitly truncated to unsigned type [-Woverflow]
   unsigned char sobelX[9] = {0xFFFF, 0x0,0x1,0xFFFE,0x0,0x2,0xFFFF,0x0,0x1};
                                              ^
hello_world.c:41:61: warning: large integer implicitly truncated to unsigned type [-Woverflow]
   unsigned char sobelX[9] = {0xFFFF, 0x0,0x1,0xFFFE,0x0,0x2,0xFFFF,0x0,0x1};
                                                             ^
hello_world.c:45:30: warning: large integer implicitly truncated to unsigned type [-Woverflow]
   unsigned char sobelY[9] = {0xFFFF,0xFFFE,0xFFFF,0x0,0x0,0x0,0x1,0x2,0x1};
                              ^
hello_world.c:45:37: warning: large integer implicitly truncated to unsigned type [-Woverflow]
   unsigned char sobelY[9] = {0xFFFF,0xFFFE,0xFFFF,0x0,0x0,0x0,0x1,0x2,0x1};
                                     ^
hello_world.c:45:44: warning: large integer implicitly truncated to unsigned type [-Woverflow]
   unsigned char sobelY[9] = {0xFFFF,0xFFFE,0xFFFF,0x0,0x0,0x0,0x1,0x2,0x1};
                                            ^
Info: Linking Task3finalfinal.elf
nios2-elf-g++  -T'../Task3finalfinal_bsp//linker.x' -msys-crt0='../Task3finalfinal_bsp//obj/HAL/src/crt0.o' -msys-lib=hal_bsp -L../Task3finalfinal_bsp/   -Wl,-Map=Task3finalfinal.map   -O0 -g -Wall   -mno-hw-div -mhw-mul -mno-hw-mulx -mgpopt=global  -o Task3finalfinal.elf obj/default/hello_world.o -lm -msys-lib=m
nios2-elf-insert Task3finalfinal.elf --thread_model hal --cpu_name cpu --qsys true --simulation_enabled false --stderr_dev jtag_uart --stdin_dev jtag_uart --stdout_dev jtag_uart --sopc_system_name assign2_system --quartus_project_dir "H:/Documents/GitHub/video-processing-group-10/Quartus" --jdi ../..//output_files/assignment2.jdi --sopcinfo H:/Documents/GitHub/video-processing-group-10/Quartus/software/Task3finalfinal_bsp/../../assign2_system.sopcinfo
Info: (Task3finalfinal.elf) 37 KBytes program size (code + initialized data).
Info:                       8147 KBytes free for stack + heap.
Info: Creating Task3finalfinal.objdump
nios2-elf-objdump --disassemble --syms --all-header --source Task3finalfinal.elf >Task3finalfinal.objdump
[Task3finalfinal build complete]

17:00:31 Build Finished (took 3s.553ms)

